<?xml version="1.0" encoding="UTF-8"?>
<!-- Generated by org.testng.reporters.JUnitXMLReporter -->
<testsuite ignored="0" hostname="DESKTOP-QVM6J4J" failures="0" tests="2" name="Default test" time="0.05" errors="0" timestamp="2023-05-10T23:39:48 IST">
  <testcase classname="Test.StoreTest" name="shouldReturnEmptyPlaylistWhenUserHaveNotPlayedAnySongs" time="0.01"/>
  <testcase classname="Test.StoreTest" name="shouldReturnOneSongWhenUserPlayedFirstSong" time="0.001"/>
</testsuite> <!-- Default test -->
